<?xml version="1.0" encoding="UTF-8"?>
<!-- Generated by org.testng.reporters.JUnitReportReporter -->
<testsuite hostname="times-09bb94003" name="stepAheadSideAutomation.stepAheadside" tests="1" failures="0" timestamp="26 May 2014 06:40:31 GMT" time="33.375" errors="0">
  <testcase name="stepAhead" time="33.375" classname="stepAheadSideAutomation.stepAheadside"/>
</testsuite> <!-- stepAheadSideAutomation.stepAheadside -->
