<?xml version="1.0" encoding="UTF-8"?>
<!-- Generated by org.testng.reporters.JUnitReportReporter -->
<testsuite hostname="NODTBSL188AG" name="candidateSideAutomation.candidateRegistration" tests="3" failures="0" timestamp="7 Aug 2015 05:12:00 GMT" time="116.659" errors="0">
  <testcase name="recommendedJobsVerification" time="15.300" classname="candidateSideAutomation.candidateRegistration"/>
  <testcase name="registraionFirstStage" time="41.861" classname="candidateSideAutomation.candidateRegistration"/>
  <testcase name="registraionCompleteStage" time="59.498" classname="candidateSideAutomation.candidateRegistration"/>
</testsuite> <!-- candidateSideAutomation.candidateRegistration -->
