<?xml version="1.0" encoding="UTF-8"?>
<!-- Generated by org.testng.reporters.JUnitReportReporter -->
<testsuite hostname="TBSL158-32F" name="hireSideAutomation.searchApplication" tests="1" failures="0" timestamp="8 Sep 2014 06:24:14 GMT" time="35.531" errors="0">
  <testcase name="searchCandidate" time="35.531" classname="hireSideAutomation.searchApplication"/>
</testsuite> <!-- hireSideAutomation.searchApplication -->
