<?xml version="1.0" encoding="UTF-8"?>
<!-- Generated by org.testng.reporters.JUnitReportReporter -->
<testsuite hostname="WIN-JLEEB8S4NEE" name="candidateSideAutomation.JobSearchNonLoggedinUser" tests="6" failures="0" timestamp="21 Nov 2014 15:16:31 GMT" time="82.894" errors="0">
  <testcase name="SearchWithAllLogout" time="14.633" classname="candidateSideAutomation.JobSearchNonLoggedinUser"/>
  <testcase name="SearchWithAllJobSearchpage" time="10.140" classname="candidateSideAutomation.JobSearchNonLoggedinUser"/>
  <testcase name="SearchWithAllJDpage" time="13.104" classname="candidateSideAutomation.JobSearchNonLoggedinUser"/>
  <testcase name="SearchWithAllSEOpages" time="10.109" classname="candidateSideAutomation.JobSearchNonLoggedinUser"/>
  <testcase name="SearchWithAllSRPpage" time="10.889" classname="candidateSideAutomation.JobSearchNonLoggedinUser"/>
  <testcase name="SearchWithAllHome" time="24.019" classname="candidateSideAutomation.JobSearchNonLoggedinUser"/>
</testsuite> <!-- candidateSideAutomation.JobSearchNonLoggedinUser -->
