<?xml version="1.0" encoding="UTF-8"?>
<!-- Generated by org.testng.reporters.JUnitReportReporter -->
<testsuite hostname="times-09bb94003" name="jobbuzzSideAutomation.jobuzzside" tests="1" failures="0" timestamp="26 May 2014 06:40:31 GMT" time="173.156" errors="0">
  <testcase name="postInterview" time="173.156" classname="jobbuzzSideAutomation.jobuzzside"/>
</testsuite> <!-- jobbuzzSideAutomation.jobuzzside -->
