<?xml version="1.0" encoding="UTF-8"?>
<!-- Generated by org.testng.reporters.JUnitReportReporter -->
<testsuite hostname="TBSL158-32F" name="hireSideAutomation.HireUsageReport" tests="9" failures="0" timestamp="2 Sep 2014 09:13:20 GMT" time="130.064" errors="0">
  <testcase name="XpressHireSMSUsageReport" time="12.960" classname="hireSideAutomation.HireUsageReport"/>
  <testcase name="XpressHirewithSMSInbox" time="14.660" classname="hireSideAutomation.HireUsageReport"/>
  <testcase name="LoginReport" time="14.433" classname="hireSideAutomation.HireUsageReport"/>
  <testcase name="DatabaseUsageReport" time="13.252" classname="hireSideAutomation.HireUsageReport"/>
  <testcase name="MassMailingUsageReport" time="15.466" classname="hireSideAutomation.HireUsageReport"/>
  <testcase name="JobListingUsagesReport" time="15.075" classname="hireSideAutomation.HireUsageReport"/>
  <testcase name="XpressHirewithSMSContact" time="14.631" classname="hireSideAutomation.HireUsageReport"/>
  <testcase name="DialBPOJobPostingUsageReport" time="15.521" classname="hireSideAutomation.HireUsageReport"/>
  <testcase name="DivineIPUsageReport" time="14.066" classname="hireSideAutomation.HireUsageReport"/>
</testsuite> <!-- hireSideAutomation.HireUsageReport -->
