<?xml version="1.0" encoding="UTF-8"?>
<!-- Generated by org.testng.reporters.JUnitReportReporter -->
<testsuite hostname="TBSL221-P07F" name="hireSideAutomation.hireJobPosting" tests="1" failures="0" timestamp="18 Jun 2014 10:08:44 GMT" time="67.625" errors="0">
  <testcase name="EmployerMainSanity" time="67.625" classname="hireSideAutomation.hireJobPosting"/>
</testsuite> <!-- hireSideAutomation.hireJobPosting -->
