<?xml version="1.0" encoding="UTF-8"?>
<!-- Generated by org.testng.reporters.JUnitReportReporter -->
<testsuite hostname="TBSL158-32F" name="hireSideAutomation.searchApplication" tests="1" failures="0" timestamp="2 Sep 2014 08:34:19 GMT" time="22.284" errors="0">
  <testcase name="searchCandidate" time="22.284" classname="hireSideAutomation.searchApplication"/>
</testsuite> <!-- hireSideAutomation.searchApplication -->
