<?xml version="1.0" encoding="UTF-8"?>
<!-- Generated by org.testng.reporters.JUnitReportReporter -->
<testsuite hostname="NODTBSL188AG" name="candidateSideAutomation.jobalert" tests="10" failures="0" timestamp="4 Aug 2015 11:31:40 GMT" time="6.506" errors="0">
  <testcase name="countryCodeTest" time="2.056" classname="candidateSideAutomation.jobalert"/>
  <testcase name="locationtest" time="1.220" classname="candidateSideAutomation.jobalert"/>
  <testcase name="emailtest" time="0.234" classname="candidateSideAutomation.jobalert"/>
  <testcase name="prefferedLocationtest" time="0.614" classname="candidateSideAutomation.jobalert"/>
  <testcase name="monthTest" time="0.164" classname="candidateSideAutomation.jobalert"/>
  <testcase name="yearTest" time="0.318" classname="candidateSideAutomation.jobalert"/>
  <testcase name="specializationTest" time="1.336" classname="candidateSideAutomation.jobalert"/>
  <testcase name="funcAreatest" time="0.135" classname="candidateSideAutomation.jobalert"/>
  <testcase name="roletest" time="0.373" classname="candidateSideAutomation.jobalert"/>
  <testcase name="mobiletest" time="0.056" classname="candidateSideAutomation.jobalert"/>
</testsuite> <!-- candidateSideAutomation.jobalert -->
