<?xml version="1.0" encoding="UTF-8"?>
<!-- Generated by org.testng.reporters.JUnitReportReporter -->
<testsuite hostname="NODTBSL188AG" name="candidateSideAutomation.Endorsement" tests="1" failures="0" timestamp="5 Aug 2015 05:29:26 GMT" time="71.018" errors="0">
  <testcase name="endoresement" time="71.018" classname="candidateSideAutomation.Endorsement"/>
</testsuite> <!-- candidateSideAutomation.Endorsement -->
