<?xml version="1.0" encoding="UTF-8"?>
<!-- Generated by org.testng.reporters.JUnitReportReporter -->
<testsuite hostname="NODTBSL188AG" name="candidateSideAutomation.editProfile" tests="1" failures="0" timestamp="10 Aug 2015 06:15:42 GMT" time="64.344" errors="0">
  <testcase name="editSummary" time="64.344" classname="candidateSideAutomation.editProfile"/>
</testsuite> <!-- candidateSideAutomation.editProfile -->
