<?xml version="1.0" encoding="UTF-8"?>
<!-- Generated by org.testng.reporters.JUnitReportReporter -->
<testsuite hostname="TBSL158-32F" name="hireSideAutomation.collaborate" tests="4" failures="0" timestamp="2 Sep 2014 07:32:43 GMT" time="72.795" errors="0">
  <testcase name="shareFolder" time="19.769" classname="hireSideAutomation.collaborate"/>
  <testcase name="unshareFolder" time="17.776" classname="hireSideAutomation.collaborate"/>
  <testcase name="unshareinbox" time="16.736" classname="hireSideAutomation.collaborate"/>
  <testcase name="shareinbox" time="18.514" classname="hireSideAutomation.collaborate"/>
</testsuite> <!-- hireSideAutomation.collaborate -->
