<?xml version="1.0" encoding="UTF-8"?>
<!-- Generated by org.testng.reporters.JUnitReportReporter -->
<testsuite hostname="times-PC" name="hireSideAutomation.searchApplication" tests="1" failures="0" timestamp="1 Sep 2014 07:42:39 GMT" time="26.345" errors="0">
  <testcase name="searchCandidate" time="26.345" classname="hireSideAutomation.searchApplication"/>
</testsuite> <!-- hireSideAutomation.searchApplication -->
