<?xml version="1.0" encoding="UTF-8"?>
<!-- Generated by org.testng.reporters.JUnitReportReporter -->
<testsuite hostname="NODTBSL188AG" name="candidateSideAutomation.NewResume" tests="1" failures="0" timestamp="7 Aug 2015 05:26:04 GMT" time="65.461" errors="0">
  <testcase name="AddNewResume" time="65.461" classname="candidateSideAutomation.NewResume"/>
</testsuite> <!-- candidateSideAutomation.NewResume -->
