<?xml version="1.0" encoding="UTF-8"?>
<!-- Generated by org.testng.reporters.JUnitReportReporter -->
<testsuite hostname="TBSL158-32F" name="hireSideAutomation.ManageAccountUser" tests="2" failures="0" timestamp="2 Sep 2014 09:02:21 GMT" time="24.389" errors="0">
  <testcase name="EditUser" time="10.821" classname="hireSideAutomation.ManageAccountUser"/>
  <testcase name="CreateUser" time="13.568" classname="hireSideAutomation.ManageAccountUser"/>
</testsuite> <!-- hireSideAutomation.ManageAccountUser -->
