<?xml version="1.0" encoding="UTF-8"?>
<!-- Generated by org.testng.reporters.JUnitReportReporter -->
<testsuite hostname="NODTBSL188AG" name="candidateSideAutomation.candidateRegistration_Verify" tests="2" failures="0" timestamp="10 Aug 2015 09:30:25 GMT" time="87.879" errors="0">
  <testcase name="verifyEmail" time="42.041" classname="candidateSideAutomation.candidateRegistration_Verify"/>
  <testcase name="registraionCompleteStage" time="45.838" classname="candidateSideAutomation.candidateRegistration_Verify"/>
</testsuite> <!-- candidateSideAutomation.candidateRegistration_Verify -->
